2022-11-01 16:17:43 Hail: INFO: Running Hail version 0.2.104-1940d9e8eaab
2022-11-01 16:17:45 SparkContext: WARN: Using an existing SparkContext; some configuration may not take effect.
2022-11-01 16:17:58 AbstractConnector: INFO: Stopped Spark@2c33e962{HTTP/1.1, (http/1.1)}{0.0.0.0:4040}
2022-11-01 16:17:59 SparkUI: INFO: Stopped Spark web UI at http://eduroam-int-dhcp-97-180-2.ucl.ac.uk:4040
2022-11-01 16:17:59 MapOutputTrackerMasterEndpoint: INFO: MapOutputTrackerMasterEndpoint stopped!
2022-11-01 16:17:59 MemoryStore: INFO: MemoryStore cleared
2022-11-01 16:17:59 BlockManager: INFO: BlockManager stopped
2022-11-01 16:17:59 BlockManagerMaster: INFO: BlockManagerMaster stopped
2022-11-01 16:17:59 OutputCommitCoordinator$OutputCommitCoordinatorEndpoint: INFO: OutputCommitCoordinator stopped!
2022-11-01 16:17:59 SparkContext: INFO: Successfully stopped SparkContext
2022-11-01 16:17:59 SparkContext: INFO: SparkContext already stopped.
2022-11-01 16:18:01 SparkContext: INFO: Running Spark version 3.1.3
2022-11-01 16:18:01 ResourceUtils: INFO: ==============================================================
2022-11-01 16:18:01 ResourceUtils: INFO: No custom resources configured for spark.driver.
2022-11-01 16:18:01 ResourceUtils: INFO: ==============================================================
2022-11-01 16:18:01 SparkContext: INFO: Submitted application: Hail
2022-11-01 16:18:01 SparkContext: INFO: Spark configuration:
spark.app.name=Hail
spark.app.startTime=1667319481352
spark.driver.extraClassPath=/Users/bencekover/opt/anaconda3/lib/python3.9/site-packages/hail/backend/hail-all-spark.jar
spark.driver.maxResultSize=0
spark.executor.extraClassPath=./hail-all-spark.jar
spark.hadoop.io.compression.codecs=org.apache.hadoop.io.compress.DefaultCodec,is.hail.io.compress.BGzipCodec,is.hail.io.compress.BGzipCodecTbi,org.apache.hadoop.io.compress.GzipCodec
spark.hadoop.mapreduce.input.fileinputformat.split.minsize=0
spark.jars=file:///Users/bencekover/opt/anaconda3/lib/python3.9/site-packages/hail/backend/hail-all-spark.jar
spark.kryo.registrator=is.hail.kryo.HailKryoRegistrator
spark.kryoserializer.buffer.max=1g
spark.logConf=true
spark.master=local[*]
spark.repl.local.jars=file:///Users/bencekover/opt/anaconda3/lib/python3.9/site-packages/hail/backend/hail-all-spark.jar
spark.serializer=org.apache.spark.serializer.KryoSerializer
spark.submit.deployMode=client
spark.submit.pyFiles=
spark.ui.showConsoleProgress=false
2022-11-01 16:18:01 ResourceProfile: INFO: Default ResourceProfile created, executor resources: Map(cores -> name: cores, amount: 1, script: , vendor: , memory -> name: memory, amount: 1024, script: , vendor: , offHeap -> name: offHeap, amount: 0, script: , vendor: ), task resources: Map(cpus -> name: cpus, amount: 1.0)
2022-11-01 16:18:01 ResourceProfile: INFO: Limiting resource is cpu
2022-11-01 16:18:01 ResourceProfileManager: INFO: Added ResourceProfile id: 0
2022-11-01 16:18:01 SecurityManager: INFO: Changing view acls to: bencekover
2022-11-01 16:18:01 SecurityManager: INFO: Changing modify acls to: bencekover
2022-11-01 16:18:01 SecurityManager: INFO: Changing view acls groups to: 
2022-11-01 16:18:01 SecurityManager: INFO: Changing modify acls groups to: 
2022-11-01 16:18:01 SecurityManager: INFO: SecurityManager: authentication disabled; ui acls disabled; users  with view permissions: Set(bencekover); groups with view permissions: Set(); users  with modify permissions: Set(bencekover); groups with modify permissions: Set()
2022-11-01 16:18:01 Utils: INFO: Successfully started service 'sparkDriver' on port 63544.
2022-11-01 16:18:01 SparkEnv: INFO: Registering MapOutputTracker
2022-11-01 16:18:01 SparkEnv: INFO: Registering BlockManagerMaster
2022-11-01 16:18:01 BlockManagerMasterEndpoint: INFO: Using org.apache.spark.storage.DefaultTopologyMapper for getting topology information
2022-11-01 16:18:01 BlockManagerMasterEndpoint: INFO: BlockManagerMasterEndpoint up
2022-11-01 16:18:01 SparkEnv: INFO: Registering BlockManagerMasterHeartbeat
2022-11-01 16:18:01 DiskBlockManager: INFO: Created local directory at /private/var/folders/mb/vdj4y7t13zd3tzlk99b8ycd40000gn/T/blockmgr-3466e289-8e4b-4501-8ee2-e7eb5573287f
2022-11-01 16:18:01 MemoryStore: INFO: MemoryStore started with capacity 366.3 MiB
2022-11-01 16:18:01 SparkEnv: INFO: Registering OutputCommitCoordinator
2022-11-01 16:18:01 Server: INFO: jetty-9.4.40.v20210413; built: 2021-04-13T20:42:42.668Z; git: b881a572662e1943a14ae12e7e1207989f218b74; jvm 1.8.0_351-b10
2022-11-01 16:18:01 Server: INFO: Started @860286ms
2022-11-01 16:18:01 AbstractConnector: INFO: Started ServerConnector@6d1e0df8{HTTP/1.1, (http/1.1)}{0.0.0.0:4040}
2022-11-01 16:18:01 Utils: INFO: Successfully started service 'SparkUI' on port 4040.
2022-11-01 16:18:01 ContextHandler: INFO: Started o.s.j.s.ServletContextHandler@416337a9{/jobs,null,AVAILABLE,@Spark}
2022-11-01 16:18:01 ContextHandler: INFO: Started o.s.j.s.ServletContextHandler@27c08cdb{/jobs/json,null,AVAILABLE,@Spark}
2022-11-01 16:18:01 ContextHandler: INFO: Started o.s.j.s.ServletContextHandler@56d196d4{/jobs/job,null,AVAILABLE,@Spark}
2022-11-01 16:18:01 ContextHandler: INFO: Started o.s.j.s.ServletContextHandler@5abe47a0{/jobs/job/json,null,AVAILABLE,@Spark}
2022-11-01 16:18:01 ContextHandler: INFO: Started o.s.j.s.ServletContextHandler@37d51706{/stages,null,AVAILABLE,@Spark}
2022-11-01 16:18:01 ContextHandler: INFO: Started o.s.j.s.ServletContextHandler@3bb1d69a{/stages/json,null,AVAILABLE,@Spark}
2022-11-01 16:18:01 ContextHandler: INFO: Started o.s.j.s.ServletContextHandler@bdea892{/stages/stage,null,AVAILABLE,@Spark}
2022-11-01 16:18:01 ContextHandler: INFO: Started o.s.j.s.ServletContextHandler@7db7490b{/stages/stage/json,null,AVAILABLE,@Spark}
2022-11-01 16:18:01 ContextHandler: INFO: Started o.s.j.s.ServletContextHandler@700d98ac{/stages/pool,null,AVAILABLE,@Spark}
2022-11-01 16:18:01 ContextHandler: INFO: Started o.s.j.s.ServletContextHandler@455c1887{/stages/pool/json,null,AVAILABLE,@Spark}
2022-11-01 16:18:01 ContextHandler: INFO: Started o.s.j.s.ServletContextHandler@1ef8f405{/storage,null,AVAILABLE,@Spark}
2022-11-01 16:18:01 ContextHandler: INFO: Started o.s.j.s.ServletContextHandler@1e3264a3{/storage/json,null,AVAILABLE,@Spark}
2022-11-01 16:18:01 ContextHandler: INFO: Started o.s.j.s.ServletContextHandler@23db8487{/storage/rdd,null,AVAILABLE,@Spark}
2022-11-01 16:18:01 ContextHandler: INFO: Started o.s.j.s.ServletContextHandler@6bd0406c{/storage/rdd/json,null,AVAILABLE,@Spark}
2022-11-01 16:18:01 ContextHandler: INFO: Started o.s.j.s.ServletContextHandler@3ed893b4{/environment,null,AVAILABLE,@Spark}
2022-11-01 16:18:01 ContextHandler: INFO: Started o.s.j.s.ServletContextHandler@6024e09d{/environment/json,null,AVAILABLE,@Spark}
2022-11-01 16:18:01 ContextHandler: INFO: Started o.s.j.s.ServletContextHandler@1d81e3a5{/executors,null,AVAILABLE,@Spark}
2022-11-01 16:18:01 ContextHandler: INFO: Started o.s.j.s.ServletContextHandler@2316dfee{/executors/json,null,AVAILABLE,@Spark}
2022-11-01 16:18:01 ContextHandler: INFO: Started o.s.j.s.ServletContextHandler@22fb5b88{/executors/threadDump,null,AVAILABLE,@Spark}
2022-11-01 16:18:01 ContextHandler: INFO: Started o.s.j.s.ServletContextHandler@5c427d17{/executors/threadDump/json,null,AVAILABLE,@Spark}
2022-11-01 16:18:01 ContextHandler: INFO: Started o.s.j.s.ServletContextHandler@3ca7ba21{/static,null,AVAILABLE,@Spark}
2022-11-01 16:18:01 ContextHandler: INFO: Started o.s.j.s.ServletContextHandler@4b5755aa{/,null,AVAILABLE,@Spark}
2022-11-01 16:18:01 ContextHandler: INFO: Started o.s.j.s.ServletContextHandler@4aa96ee3{/api,null,AVAILABLE,@Spark}
2022-11-01 16:18:01 ContextHandler: INFO: Started o.s.j.s.ServletContextHandler@102a147c{/jobs/job/kill,null,AVAILABLE,@Spark}
2022-11-01 16:18:01 ContextHandler: INFO: Started o.s.j.s.ServletContextHandler@f96908{/stages/stage/kill,null,AVAILABLE,@Spark}
2022-11-01 16:18:01 SparkUI: INFO: Bound SparkUI to 0.0.0.0, and started at http://eduroam-int-dhcp-97-180-2.ucl.ac.uk:4040
2022-11-01 16:18:02 SparkContext: INFO: Added JAR file:///Users/bencekover/opt/anaconda3/lib/python3.9/site-packages/hail/backend/hail-all-spark.jar at spark://eduroam-int-dhcp-97-180-2.ucl.ac.uk:63544/jars/hail-all-spark.jar with timestamp 1667319481352
2022-11-01 16:18:02 Executor: INFO: Starting executor ID driver on host eduroam-int-dhcp-97-180-2.ucl.ac.uk
2022-11-01 16:18:02 Utils: INFO: Successfully started service 'org.apache.spark.network.netty.NettyBlockTransferService' on port 63546.
2022-11-01 16:18:02 NettyBlockTransferService: INFO: Server created on eduroam-int-dhcp-97-180-2.ucl.ac.uk:63546
2022-11-01 16:18:02 BlockManager: INFO: Using org.apache.spark.storage.RandomBlockReplicationPolicy for block replication policy
2022-11-01 16:18:02 BlockManagerMaster: INFO: Registering BlockManager BlockManagerId(driver, eduroam-int-dhcp-97-180-2.ucl.ac.uk, 63546, None)
2022-11-01 16:18:02 BlockManagerMasterEndpoint: INFO: Registering block manager eduroam-int-dhcp-97-180-2.ucl.ac.uk:63546 with 366.3 MiB RAM, BlockManagerId(driver, eduroam-int-dhcp-97-180-2.ucl.ac.uk, 63546, None)
2022-11-01 16:18:02 BlockManagerMaster: INFO: Registered BlockManager BlockManagerId(driver, eduroam-int-dhcp-97-180-2.ucl.ac.uk, 63546, None)
2022-11-01 16:18:02 BlockManager: INFO: Initialized BlockManager: BlockManagerId(driver, eduroam-int-dhcp-97-180-2.ucl.ac.uk, 63546, None)
2022-11-01 16:18:02 ContextHandler: INFO: Started o.s.j.s.ServletContextHandler@67a6cbfd{/metrics/json,null,AVAILABLE,@Spark}
2022-11-01 16:18:02 Hail: INFO: SparkUI: http://eduroam-int-dhcp-97-180-2.ucl.ac.uk:4040
