2022-11-01 16:29:05 Hail: INFO: Running Hail version 0.2.104-1940d9e8eaab
2022-11-01 16:29:07 SparkContext: WARN: Using an existing SparkContext; some configuration may not take effect.
2022-11-01 16:32:12 AbstractConnector: INFO: Stopped Spark@12822afe{HTTP/1.1, (http/1.1)}{0.0.0.0:4040}
2022-11-01 16:32:12 SparkUI: INFO: Stopped Spark web UI at http://eduroam-int-dhcp-97-180-2.ucl.ac.uk:4040
2022-11-01 16:32:12 MapOutputTrackerMasterEndpoint: INFO: MapOutputTrackerMasterEndpoint stopped!
2022-11-01 16:32:14 MemoryStore: INFO: MemoryStore cleared
2022-11-01 16:32:14 BlockManager: INFO: BlockManager stopped
2022-11-01 16:32:14 BlockManagerMaster: INFO: BlockManagerMaster stopped
2022-11-01 16:32:14 OutputCommitCoordinator$OutputCommitCoordinatorEndpoint: INFO: OutputCommitCoordinator stopped!
2022-11-01 16:32:14 SparkContext: INFO: Successfully stopped SparkContext
2022-11-01 16:32:14 SparkContext: INFO: SparkContext already stopped.
2022-11-01 16:32:15 SparkContext: INFO: Running Spark version 3.1.3
2022-11-01 16:32:15 ResourceUtils: INFO: ==============================================================
2022-11-01 16:32:15 ResourceUtils: INFO: No custom resources configured for spark.driver.
2022-11-01 16:32:15 ResourceUtils: INFO: ==============================================================
2022-11-01 16:32:15 SparkContext: INFO: Submitted application: Hail
2022-11-01 16:32:15 SparkContext: INFO: Spark configuration:
spark.app.name=Hail
spark.app.startTime=1667320335271
spark.driver.extraClassPath=/Users/bencekover/opt/anaconda3/lib/python3.9/site-packages/hail/backend/hail-all-spark.jar
spark.driver.maxResultSize=0
spark.executor.extraClassPath=./hail-all-spark.jar
spark.hadoop.io.compression.codecs=org.apache.hadoop.io.compress.DefaultCodec,is.hail.io.compress.BGzipCodec,is.hail.io.compress.BGzipCodecTbi,org.apache.hadoop.io.compress.GzipCodec
spark.hadoop.mapreduce.input.fileinputformat.split.minsize=0
spark.jars=file:///Users/bencekover/opt/anaconda3/lib/python3.9/site-packages/hail/backend/hail-all-spark.jar
spark.kryo.registrator=is.hail.kryo.HailKryoRegistrator
spark.kryoserializer.buffer.max=1g
spark.logConf=true
spark.master=local[*]
spark.repl.local.jars=file:///Users/bencekover/opt/anaconda3/lib/python3.9/site-packages/hail/backend/hail-all-spark.jar
spark.serializer=org.apache.spark.serializer.KryoSerializer
spark.submit.deployMode=client
spark.submit.pyFiles=
spark.ui.showConsoleProgress=false
2022-11-01 16:32:15 ResourceProfile: INFO: Default ResourceProfile created, executor resources: Map(cores -> name: cores, amount: 1, script: , vendor: , memory -> name: memory, amount: 1024, script: , vendor: , offHeap -> name: offHeap, amount: 0, script: , vendor: ), task resources: Map(cpus -> name: cpus, amount: 1.0)
2022-11-01 16:32:15 ResourceProfile: INFO: Limiting resource is cpu
2022-11-01 16:32:15 ResourceProfileManager: INFO: Added ResourceProfile id: 0
2022-11-01 16:32:15 SecurityManager: INFO: Changing view acls to: bencekover
2022-11-01 16:32:15 SecurityManager: INFO: Changing modify acls to: bencekover
2022-11-01 16:32:15 SecurityManager: INFO: Changing view acls groups to: 
2022-11-01 16:32:15 SecurityManager: INFO: Changing modify acls groups to: 
2022-11-01 16:32:15 SecurityManager: INFO: SecurityManager: authentication disabled; ui acls disabled; users  with view permissions: Set(bencekover); groups with view permissions: Set(); users  with modify permissions: Set(bencekover); groups with modify permissions: Set()
2022-11-01 16:32:15 Utils: INFO: Successfully started service 'sparkDriver' on port 63992.
2022-11-01 16:32:15 SparkEnv: INFO: Registering MapOutputTracker
2022-11-01 16:32:15 SparkEnv: INFO: Registering BlockManagerMaster
2022-11-01 16:32:15 BlockManagerMasterEndpoint: INFO: Using org.apache.spark.storage.DefaultTopologyMapper for getting topology information
2022-11-01 16:32:15 BlockManagerMasterEndpoint: INFO: BlockManagerMasterEndpoint up
2022-11-01 16:32:15 SparkEnv: INFO: Registering BlockManagerMasterHeartbeat
2022-11-01 16:32:15 DiskBlockManager: INFO: Created local directory at /private/var/folders/mb/vdj4y7t13zd3tzlk99b8ycd40000gn/T/blockmgr-6f7550ac-0c8e-4195-9506-2b9959da3623
2022-11-01 16:32:15 MemoryStore: INFO: MemoryStore started with capacity 366.3 MiB
2022-11-01 16:32:15 SparkEnv: INFO: Registering OutputCommitCoordinator
2022-11-01 16:32:15 Server: INFO: jetty-9.4.40.v20210413; built: 2021-04-13T20:42:42.668Z; git: b881a572662e1943a14ae12e7e1207989f218b74; jvm 1.8.0_351-b10
2022-11-01 16:32:15 Server: INFO: Started @1714356ms
2022-11-01 16:32:15 AbstractConnector: INFO: Started ServerConnector@287ac794{HTTP/1.1, (http/1.1)}{0.0.0.0:4040}
2022-11-01 16:32:15 Utils: INFO: Successfully started service 'SparkUI' on port 4040.
2022-11-01 16:32:15 ContextHandler: INFO: Started o.s.j.s.ServletContextHandler@12fdaada{/jobs,null,AVAILABLE,@Spark}
2022-11-01 16:32:15 ContextHandler: INFO: Started o.s.j.s.ServletContextHandler@43689026{/jobs/json,null,AVAILABLE,@Spark}
2022-11-01 16:32:15 ContextHandler: INFO: Started o.s.j.s.ServletContextHandler@332b9c38{/jobs/job,null,AVAILABLE,@Spark}
2022-11-01 16:32:15 ContextHandler: INFO: Started o.s.j.s.ServletContextHandler@15e3fc4d{/jobs/job/json,null,AVAILABLE,@Spark}
2022-11-01 16:32:15 ContextHandler: INFO: Started o.s.j.s.ServletContextHandler@4caf5f0f{/stages,null,AVAILABLE,@Spark}
2022-11-01 16:32:15 ContextHandler: INFO: Started o.s.j.s.ServletContextHandler@396a9342{/stages/json,null,AVAILABLE,@Spark}
2022-11-01 16:32:15 ContextHandler: INFO: Started o.s.j.s.ServletContextHandler@7a1c125f{/stages/stage,null,AVAILABLE,@Spark}
2022-11-01 16:32:15 ContextHandler: INFO: Started o.s.j.s.ServletContextHandler@2cdcb8ba{/stages/stage/json,null,AVAILABLE,@Spark}
2022-11-01 16:32:15 ContextHandler: INFO: Started o.s.j.s.ServletContextHandler@114d41ac{/stages/pool,null,AVAILABLE,@Spark}
2022-11-01 16:32:15 ContextHandler: INFO: Started o.s.j.s.ServletContextHandler@17893994{/stages/pool/json,null,AVAILABLE,@Spark}
2022-11-01 16:32:15 ContextHandler: INFO: Started o.s.j.s.ServletContextHandler@2e0a0e98{/storage,null,AVAILABLE,@Spark}
2022-11-01 16:32:15 ContextHandler: INFO: Started o.s.j.s.ServletContextHandler@6440aea9{/storage/json,null,AVAILABLE,@Spark}
2022-11-01 16:32:16 ContextHandler: INFO: Started o.s.j.s.ServletContextHandler@44026479{/storage/rdd,null,AVAILABLE,@Spark}
2022-11-01 16:32:16 ContextHandler: INFO: Started o.s.j.s.ServletContextHandler@44435276{/storage/rdd/json,null,AVAILABLE,@Spark}
2022-11-01 16:32:16 ContextHandler: INFO: Started o.s.j.s.ServletContextHandler@3f006861{/environment,null,AVAILABLE,@Spark}
2022-11-01 16:32:16 ContextHandler: INFO: Started o.s.j.s.ServletContextHandler@78acaf97{/environment/json,null,AVAILABLE,@Spark}
2022-11-01 16:32:16 ContextHandler: INFO: Started o.s.j.s.ServletContextHandler@1bbf1cf9{/executors,null,AVAILABLE,@Spark}
2022-11-01 16:32:16 ContextHandler: INFO: Started o.s.j.s.ServletContextHandler@342c1054{/executors/json,null,AVAILABLE,@Spark}
2022-11-01 16:32:16 ContextHandler: INFO: Started o.s.j.s.ServletContextHandler@71293b15{/executors/threadDump,null,AVAILABLE,@Spark}
2022-11-01 16:32:16 ContextHandler: INFO: Started o.s.j.s.ServletContextHandler@20245f1{/executors/threadDump/json,null,AVAILABLE,@Spark}
2022-11-01 16:32:16 ContextHandler: INFO: Started o.s.j.s.ServletContextHandler@3d756b1f{/static,null,AVAILABLE,@Spark}
2022-11-01 16:32:16 ContextHandler: INFO: Started o.s.j.s.ServletContextHandler@392a6e64{/,null,AVAILABLE,@Spark}
2022-11-01 16:32:16 ContextHandler: INFO: Started o.s.j.s.ServletContextHandler@4a01c00d{/api,null,AVAILABLE,@Spark}
2022-11-01 16:32:16 ContextHandler: INFO: Started o.s.j.s.ServletContextHandler@3a7683c3{/jobs/job/kill,null,AVAILABLE,@Spark}
2022-11-01 16:32:16 ContextHandler: INFO: Started o.s.j.s.ServletContextHandler@6381232c{/stages/stage/kill,null,AVAILABLE,@Spark}
2022-11-01 16:32:16 SparkUI: INFO: Bound SparkUI to 0.0.0.0, and started at http://eduroam-int-dhcp-97-180-2.ucl.ac.uk:4040
2022-11-01 16:32:16 SparkContext: INFO: Added JAR file:///Users/bencekover/opt/anaconda3/lib/python3.9/site-packages/hail/backend/hail-all-spark.jar at spark://eduroam-int-dhcp-97-180-2.ucl.ac.uk:63992/jars/hail-all-spark.jar with timestamp 1667320335271
2022-11-01 16:32:16 Executor: INFO: Starting executor ID driver on host eduroam-int-dhcp-97-180-2.ucl.ac.uk
2022-11-01 16:32:16 Utils: INFO: Successfully started service 'org.apache.spark.network.netty.NettyBlockTransferService' on port 63993.
2022-11-01 16:32:16 NettyBlockTransferService: INFO: Server created on eduroam-int-dhcp-97-180-2.ucl.ac.uk:63993
2022-11-01 16:32:16 BlockManager: INFO: Using org.apache.spark.storage.RandomBlockReplicationPolicy for block replication policy
2022-11-01 16:32:16 BlockManagerMaster: INFO: Registering BlockManager BlockManagerId(driver, eduroam-int-dhcp-97-180-2.ucl.ac.uk, 63993, None)
2022-11-01 16:32:16 BlockManagerMasterEndpoint: INFO: Registering block manager eduroam-int-dhcp-97-180-2.ucl.ac.uk:63993 with 366.3 MiB RAM, BlockManagerId(driver, eduroam-int-dhcp-97-180-2.ucl.ac.uk, 63993, None)
2022-11-01 16:32:16 BlockManagerMaster: INFO: Registered BlockManager BlockManagerId(driver, eduroam-int-dhcp-97-180-2.ucl.ac.uk, 63993, None)
2022-11-01 16:32:16 BlockManager: INFO: Initialized BlockManager: BlockManagerId(driver, eduroam-int-dhcp-97-180-2.ucl.ac.uk, 63993, None)
2022-11-01 16:32:16 ContextHandler: INFO: Started o.s.j.s.ServletContextHandler@c86390{/metrics/json,null,AVAILABLE,@Spark}
2022-11-01 16:32:16 Hail: INFO: SparkUI: http://eduroam-int-dhcp-97-180-2.ucl.ac.uk:4040
