2022-11-01 16:26:45 Hail: INFO: Running Hail version 0.2.104-1940d9e8eaab
2022-11-01 16:26:46 SparkContext: WARN: Using an existing SparkContext; some configuration may not take effect.
2022-11-01 16:27:10 AbstractConnector: INFO: Stopped Spark@440167e7{HTTP/1.1, (http/1.1)}{0.0.0.0:4040}
2022-11-01 16:27:10 SparkUI: INFO: Stopped Spark web UI at http://eduroam-int-dhcp-97-180-2.ucl.ac.uk:4040
2022-11-01 16:27:10 MapOutputTrackerMasterEndpoint: INFO: MapOutputTrackerMasterEndpoint stopped!
2022-11-01 16:27:10 MemoryStore: INFO: MemoryStore cleared
2022-11-01 16:27:10 BlockManager: INFO: BlockManager stopped
2022-11-01 16:27:10 BlockManagerMaster: INFO: BlockManagerMaster stopped
2022-11-01 16:27:10 OutputCommitCoordinator$OutputCommitCoordinatorEndpoint: INFO: OutputCommitCoordinator stopped!
2022-11-01 16:27:10 SparkContext: INFO: Successfully stopped SparkContext
2022-11-01 16:27:10 SparkContext: INFO: SparkContext already stopped.
2022-11-01 16:27:11 SparkContext: INFO: Running Spark version 3.1.3
2022-11-01 16:27:11 ResourceUtils: INFO: ==============================================================
2022-11-01 16:27:11 ResourceUtils: INFO: No custom resources configured for spark.driver.
2022-11-01 16:27:11 ResourceUtils: INFO: ==============================================================
2022-11-01 16:27:11 SparkContext: INFO: Submitted application: Hail
2022-11-01 16:27:11 SparkContext: INFO: Spark configuration:
spark.app.name=Hail
spark.app.startTime=1667320031228
spark.driver.extraClassPath=/Users/bencekover/opt/anaconda3/lib/python3.9/site-packages/hail/backend/hail-all-spark.jar
spark.driver.maxResultSize=0
spark.executor.extraClassPath=./hail-all-spark.jar
spark.hadoop.io.compression.codecs=org.apache.hadoop.io.compress.DefaultCodec,is.hail.io.compress.BGzipCodec,is.hail.io.compress.BGzipCodecTbi,org.apache.hadoop.io.compress.GzipCodec
spark.hadoop.mapreduce.input.fileinputformat.split.minsize=0
spark.jars=file:///Users/bencekover/opt/anaconda3/lib/python3.9/site-packages/hail/backend/hail-all-spark.jar
spark.kryo.registrator=is.hail.kryo.HailKryoRegistrator
spark.kryoserializer.buffer.max=1g
spark.logConf=true
spark.master=local[*]
spark.repl.local.jars=file:///Users/bencekover/opt/anaconda3/lib/python3.9/site-packages/hail/backend/hail-all-spark.jar
spark.serializer=org.apache.spark.serializer.KryoSerializer
spark.submit.deployMode=client
spark.submit.pyFiles=
spark.ui.showConsoleProgress=false
2022-11-01 16:27:11 ResourceProfile: INFO: Default ResourceProfile created, executor resources: Map(cores -> name: cores, amount: 1, script: , vendor: , memory -> name: memory, amount: 1024, script: , vendor: , offHeap -> name: offHeap, amount: 0, script: , vendor: ), task resources: Map(cpus -> name: cpus, amount: 1.0)
2022-11-01 16:27:11 ResourceProfile: INFO: Limiting resource is cpu
2022-11-01 16:27:11 ResourceProfileManager: INFO: Added ResourceProfile id: 0
2022-11-01 16:27:11 SecurityManager: INFO: Changing view acls to: bencekover
2022-11-01 16:27:11 SecurityManager: INFO: Changing modify acls to: bencekover
2022-11-01 16:27:11 SecurityManager: INFO: Changing view acls groups to: 
2022-11-01 16:27:11 SecurityManager: INFO: Changing modify acls groups to: 
2022-11-01 16:27:11 SecurityManager: INFO: SecurityManager: authentication disabled; ui acls disabled; users  with view permissions: Set(bencekover); groups with view permissions: Set(); users  with modify permissions: Set(bencekover); groups with modify permissions: Set()
2022-11-01 16:27:11 Utils: INFO: Successfully started service 'sparkDriver' on port 63841.
2022-11-01 16:27:12 SparkEnv: INFO: Registering MapOutputTracker
2022-11-01 16:27:12 SparkEnv: INFO: Registering BlockManagerMaster
2022-11-01 16:27:12 BlockManagerMasterEndpoint: INFO: Using org.apache.spark.storage.DefaultTopologyMapper for getting topology information
2022-11-01 16:27:12 BlockManagerMasterEndpoint: INFO: BlockManagerMasterEndpoint up
2022-11-01 16:27:12 SparkEnv: INFO: Registering BlockManagerMasterHeartbeat
2022-11-01 16:27:12 DiskBlockManager: INFO: Created local directory at /private/var/folders/mb/vdj4y7t13zd3tzlk99b8ycd40000gn/T/blockmgr-0b577e34-aafa-41b9-9d6a-fd2e02fcafae
2022-11-01 16:27:12 MemoryStore: INFO: MemoryStore started with capacity 366.3 MiB
2022-11-01 16:27:12 SparkEnv: INFO: Registering OutputCommitCoordinator
2022-11-01 16:27:12 Server: INFO: jetty-9.4.40.v20210413; built: 2021-04-13T20:42:42.668Z; git: b881a572662e1943a14ae12e7e1207989f218b74; jvm 1.8.0_351-b10
2022-11-01 16:27:12 Server: INFO: Started @1410858ms
2022-11-01 16:27:12 AbstractConnector: INFO: Started ServerConnector@227b885f{HTTP/1.1, (http/1.1)}{0.0.0.0:4040}
2022-11-01 16:27:12 Utils: INFO: Successfully started service 'SparkUI' on port 4040.
2022-11-01 16:27:12 ContextHandler: INFO: Started o.s.j.s.ServletContextHandler@62983220{/jobs,null,AVAILABLE,@Spark}
2022-11-01 16:27:12 ContextHandler: INFO: Started o.s.j.s.ServletContextHandler@4483145a{/jobs/json,null,AVAILABLE,@Spark}
2022-11-01 16:27:12 ContextHandler: INFO: Started o.s.j.s.ServletContextHandler@7aa21839{/jobs/job,null,AVAILABLE,@Spark}
2022-11-01 16:27:12 ContextHandler: INFO: Started o.s.j.s.ServletContextHandler@3ed2d939{/jobs/job/json,null,AVAILABLE,@Spark}
2022-11-01 16:27:12 ContextHandler: INFO: Started o.s.j.s.ServletContextHandler@4c8bd9b8{/stages,null,AVAILABLE,@Spark}
2022-11-01 16:27:12 ContextHandler: INFO: Started o.s.j.s.ServletContextHandler@7f0b5824{/stages/json,null,AVAILABLE,@Spark}
2022-11-01 16:27:12 ContextHandler: INFO: Started o.s.j.s.ServletContextHandler@589c91da{/stages/stage,null,AVAILABLE,@Spark}
2022-11-01 16:27:12 ContextHandler: INFO: Started o.s.j.s.ServletContextHandler@6819cec0{/stages/stage/json,null,AVAILABLE,@Spark}
2022-11-01 16:27:12 ContextHandler: INFO: Started o.s.j.s.ServletContextHandler@584aba31{/stages/pool,null,AVAILABLE,@Spark}
2022-11-01 16:27:12 ContextHandler: INFO: Started o.s.j.s.ServletContextHandler@a2bebc{/stages/pool/json,null,AVAILABLE,@Spark}
2022-11-01 16:27:12 ContextHandler: INFO: Started o.s.j.s.ServletContextHandler@4eba07bd{/storage,null,AVAILABLE,@Spark}
2022-11-01 16:27:12 ContextHandler: INFO: Started o.s.j.s.ServletContextHandler@25b6529a{/storage/json,null,AVAILABLE,@Spark}
2022-11-01 16:27:12 ContextHandler: INFO: Started o.s.j.s.ServletContextHandler@1d13daba{/storage/rdd,null,AVAILABLE,@Spark}
2022-11-01 16:27:12 ContextHandler: INFO: Started o.s.j.s.ServletContextHandler@18ab9ae8{/storage/rdd/json,null,AVAILABLE,@Spark}
2022-11-01 16:27:12 ContextHandler: INFO: Started o.s.j.s.ServletContextHandler@4da63872{/environment,null,AVAILABLE,@Spark}
2022-11-01 16:27:12 ContextHandler: INFO: Started o.s.j.s.ServletContextHandler@7726e4b7{/environment/json,null,AVAILABLE,@Spark}
2022-11-01 16:27:12 ContextHandler: INFO: Started o.s.j.s.ServletContextHandler@5ae52555{/executors,null,AVAILABLE,@Spark}
2022-11-01 16:27:12 ContextHandler: INFO: Started o.s.j.s.ServletContextHandler@5b5e2f13{/executors/json,null,AVAILABLE,@Spark}
2022-11-01 16:27:12 ContextHandler: INFO: Started o.s.j.s.ServletContextHandler@69bd875c{/executors/threadDump,null,AVAILABLE,@Spark}
2022-11-01 16:27:12 ContextHandler: INFO: Started o.s.j.s.ServletContextHandler@334022c6{/executors/threadDump/json,null,AVAILABLE,@Spark}
2022-11-01 16:27:12 ContextHandler: INFO: Started o.s.j.s.ServletContextHandler@22e191cb{/static,null,AVAILABLE,@Spark}
2022-11-01 16:27:12 ContextHandler: INFO: Started o.s.j.s.ServletContextHandler@6cb77cba{/,null,AVAILABLE,@Spark}
2022-11-01 16:27:12 ContextHandler: INFO: Started o.s.j.s.ServletContextHandler@7e81033f{/api,null,AVAILABLE,@Spark}
2022-11-01 16:27:12 ContextHandler: INFO: Started o.s.j.s.ServletContextHandler@3be18b8c{/jobs/job/kill,null,AVAILABLE,@Spark}
2022-11-01 16:27:12 ContextHandler: INFO: Started o.s.j.s.ServletContextHandler@367261cc{/stages/stage/kill,null,AVAILABLE,@Spark}
2022-11-01 16:27:12 SparkUI: INFO: Bound SparkUI to 0.0.0.0, and started at http://eduroam-int-dhcp-97-180-2.ucl.ac.uk:4040
2022-11-01 16:27:12 SparkContext: INFO: Added JAR file:///Users/bencekover/opt/anaconda3/lib/python3.9/site-packages/hail/backend/hail-all-spark.jar at spark://eduroam-int-dhcp-97-180-2.ucl.ac.uk:63841/jars/hail-all-spark.jar with timestamp 1667320031228
2022-11-01 16:27:12 Executor: INFO: Starting executor ID driver on host eduroam-int-dhcp-97-180-2.ucl.ac.uk
2022-11-01 16:27:13 Utils: INFO: Successfully started service 'org.apache.spark.network.netty.NettyBlockTransferService' on port 63847.
2022-11-01 16:27:13 NettyBlockTransferService: INFO: Server created on eduroam-int-dhcp-97-180-2.ucl.ac.uk:63847
2022-11-01 16:27:13 BlockManager: INFO: Using org.apache.spark.storage.RandomBlockReplicationPolicy for block replication policy
2022-11-01 16:27:13 BlockManagerMaster: INFO: Registering BlockManager BlockManagerId(driver, eduroam-int-dhcp-97-180-2.ucl.ac.uk, 63847, None)
2022-11-01 16:27:13 BlockManagerMasterEndpoint: INFO: Registering block manager eduroam-int-dhcp-97-180-2.ucl.ac.uk:63847 with 366.3 MiB RAM, BlockManagerId(driver, eduroam-int-dhcp-97-180-2.ucl.ac.uk, 63847, None)
2022-11-01 16:27:13 BlockManagerMaster: INFO: Registered BlockManager BlockManagerId(driver, eduroam-int-dhcp-97-180-2.ucl.ac.uk, 63847, None)
2022-11-01 16:27:13 BlockManager: INFO: Initialized BlockManager: BlockManagerId(driver, eduroam-int-dhcp-97-180-2.ucl.ac.uk, 63847, None)
2022-11-01 16:27:13 ContextHandler: INFO: Started o.s.j.s.ServletContextHandler@9507790{/metrics/json,null,AVAILABLE,@Spark}
2022-11-01 16:27:14 Hail: INFO: SparkUI: http://eduroam-int-dhcp-97-180-2.ucl.ac.uk:4040
