2022-11-01 16:32:16 Hail: INFO: Running Hail version 0.2.104-1940d9e8eaab
2022-11-01 16:32:22 SparkContext: WARN: Using an existing SparkContext; some configuration may not take effect.
2022-11-01 16:35:54 AbstractConnector: INFO: Stopped Spark@287ac794{HTTP/1.1, (http/1.1)}{0.0.0.0:4040}
2022-11-01 16:35:54 SparkUI: INFO: Stopped Spark web UI at http://eduroam-int-dhcp-97-180-2.ucl.ac.uk:4040
2022-11-01 16:35:54 MapOutputTrackerMasterEndpoint: INFO: MapOutputTrackerMasterEndpoint stopped!
2022-11-01 16:35:55 MemoryStore: INFO: MemoryStore cleared
2022-11-01 16:35:55 BlockManager: INFO: BlockManager stopped
2022-11-01 16:35:55 BlockManagerMaster: INFO: BlockManagerMaster stopped
2022-11-01 16:35:55 OutputCommitCoordinator$OutputCommitCoordinatorEndpoint: INFO: OutputCommitCoordinator stopped!
2022-11-01 16:35:55 SparkContext: INFO: Successfully stopped SparkContext
2022-11-01 16:35:55 SparkContext: INFO: SparkContext already stopped.
2022-11-01 16:35:55 SparkContext: INFO: Running Spark version 3.1.3
2022-11-01 16:35:55 ResourceUtils: INFO: ==============================================================
2022-11-01 16:35:55 ResourceUtils: INFO: No custom resources configured for spark.driver.
2022-11-01 16:35:55 ResourceUtils: INFO: ==============================================================
2022-11-01 16:35:55 SparkContext: INFO: Submitted application: Hail
2022-11-01 16:35:55 SparkContext: INFO: Spark configuration:
spark.app.name=Hail
spark.app.startTime=1667320555667
spark.driver.extraClassPath=/Users/bencekover/opt/anaconda3/lib/python3.9/site-packages/hail/backend/hail-all-spark.jar
spark.driver.maxResultSize=0
spark.executor.extraClassPath=./hail-all-spark.jar
spark.hadoop.io.compression.codecs=org.apache.hadoop.io.compress.DefaultCodec,is.hail.io.compress.BGzipCodec,is.hail.io.compress.BGzipCodecTbi,org.apache.hadoop.io.compress.GzipCodec
spark.hadoop.mapreduce.input.fileinputformat.split.minsize=0
spark.jars=file:///Users/bencekover/opt/anaconda3/lib/python3.9/site-packages/hail/backend/hail-all-spark.jar
spark.kryo.registrator=is.hail.kryo.HailKryoRegistrator
spark.kryoserializer.buffer.max=1g
spark.logConf=true
spark.master=local[*]
spark.repl.local.jars=file:///Users/bencekover/opt/anaconda3/lib/python3.9/site-packages/hail/backend/hail-all-spark.jar
spark.serializer=org.apache.spark.serializer.KryoSerializer
spark.submit.deployMode=client
spark.submit.pyFiles=
spark.ui.showConsoleProgress=false
2022-11-01 16:35:55 ResourceProfile: INFO: Default ResourceProfile created, executor resources: Map(cores -> name: cores, amount: 1, script: , vendor: , memory -> name: memory, amount: 1024, script: , vendor: , offHeap -> name: offHeap, amount: 0, script: , vendor: ), task resources: Map(cpus -> name: cpus, amount: 1.0)
2022-11-01 16:35:55 ResourceProfile: INFO: Limiting resource is cpu
2022-11-01 16:35:55 ResourceProfileManager: INFO: Added ResourceProfile id: 0
2022-11-01 16:35:55 SecurityManager: INFO: Changing view acls to: bencekover
2022-11-01 16:35:55 SecurityManager: INFO: Changing modify acls to: bencekover
2022-11-01 16:35:55 SecurityManager: INFO: Changing view acls groups to: 
2022-11-01 16:35:55 SecurityManager: INFO: Changing modify acls groups to: 
2022-11-01 16:35:55 SecurityManager: INFO: SecurityManager: authentication disabled; ui acls disabled; users  with view permissions: Set(bencekover); groups with view permissions: Set(); users  with modify permissions: Set(bencekover); groups with modify permissions: Set()
2022-11-01 16:35:56 Utils: INFO: Successfully started service 'sparkDriver' on port 64068.
2022-11-01 16:35:56 SparkEnv: INFO: Registering MapOutputTracker
2022-11-01 16:35:56 SparkEnv: INFO: Registering BlockManagerMaster
2022-11-01 16:35:56 BlockManagerMasterEndpoint: INFO: Using org.apache.spark.storage.DefaultTopologyMapper for getting topology information
2022-11-01 16:35:56 BlockManagerMasterEndpoint: INFO: BlockManagerMasterEndpoint up
2022-11-01 16:35:56 SparkEnv: INFO: Registering BlockManagerMasterHeartbeat
2022-11-01 16:35:56 DiskBlockManager: INFO: Created local directory at /private/var/folders/mb/vdj4y7t13zd3tzlk99b8ycd40000gn/T/blockmgr-4f9e0905-1437-4f0f-8ea4-683b120a8b9d
2022-11-01 16:35:56 MemoryStore: INFO: MemoryStore started with capacity 366.3 MiB
2022-11-01 16:35:56 SparkEnv: INFO: Registering OutputCommitCoordinator
2022-11-01 16:35:56 Server: INFO: jetty-9.4.40.v20210413; built: 2021-04-13T20:42:42.668Z; git: b881a572662e1943a14ae12e7e1207989f218b74; jvm 1.8.0_351-b10
2022-11-01 16:35:56 Server: INFO: Started @1934607ms
2022-11-01 16:35:56 AbstractConnector: INFO: Started ServerConnector@16f75fd{HTTP/1.1, (http/1.1)}{0.0.0.0:4040}
2022-11-01 16:35:56 Utils: INFO: Successfully started service 'SparkUI' on port 4040.
2022-11-01 16:35:56 ContextHandler: INFO: Started o.s.j.s.ServletContextHandler@1b7e9c99{/jobs,null,AVAILABLE,@Spark}
2022-11-01 16:35:56 ContextHandler: INFO: Started o.s.j.s.ServletContextHandler@2d637486{/jobs/json,null,AVAILABLE,@Spark}
2022-11-01 16:35:56 ContextHandler: INFO: Started o.s.j.s.ServletContextHandler@87db336{/jobs/job,null,AVAILABLE,@Spark}
2022-11-01 16:35:56 ContextHandler: INFO: Started o.s.j.s.ServletContextHandler@20d32969{/jobs/job/json,null,AVAILABLE,@Spark}
2022-11-01 16:35:56 ContextHandler: INFO: Started o.s.j.s.ServletContextHandler@61766b63{/stages,null,AVAILABLE,@Spark}
2022-11-01 16:35:56 ContextHandler: INFO: Started o.s.j.s.ServletContextHandler@5bb5a328{/stages/json,null,AVAILABLE,@Spark}
2022-11-01 16:35:56 ContextHandler: INFO: Started o.s.j.s.ServletContextHandler@31e337a9{/stages/stage,null,AVAILABLE,@Spark}
2022-11-01 16:35:56 ContextHandler: INFO: Started o.s.j.s.ServletContextHandler@75e01da{/stages/stage/json,null,AVAILABLE,@Spark}
2022-11-01 16:35:56 ContextHandler: INFO: Started o.s.j.s.ServletContextHandler@2f1ab775{/stages/pool,null,AVAILABLE,@Spark}
2022-11-01 16:35:56 ContextHandler: INFO: Started o.s.j.s.ServletContextHandler@beb71fd{/stages/pool/json,null,AVAILABLE,@Spark}
2022-11-01 16:35:56 ContextHandler: INFO: Started o.s.j.s.ServletContextHandler@128d7bd8{/storage,null,AVAILABLE,@Spark}
2022-11-01 16:35:56 ContextHandler: INFO: Started o.s.j.s.ServletContextHandler@5915b5a1{/storage/json,null,AVAILABLE,@Spark}
2022-11-01 16:35:56 ContextHandler: INFO: Started o.s.j.s.ServletContextHandler@7e72dd3b{/storage/rdd,null,AVAILABLE,@Spark}
2022-11-01 16:35:56 ContextHandler: INFO: Started o.s.j.s.ServletContextHandler@9d377fa{/storage/rdd/json,null,AVAILABLE,@Spark}
2022-11-01 16:35:56 ContextHandler: INFO: Started o.s.j.s.ServletContextHandler@2713290c{/environment,null,AVAILABLE,@Spark}
2022-11-01 16:35:56 ContextHandler: INFO: Started o.s.j.s.ServletContextHandler@339e528f{/environment/json,null,AVAILABLE,@Spark}
2022-11-01 16:35:56 ContextHandler: INFO: Started o.s.j.s.ServletContextHandler@47279181{/executors,null,AVAILABLE,@Spark}
2022-11-01 16:35:56 ContextHandler: INFO: Started o.s.j.s.ServletContextHandler@2346d712{/executors/json,null,AVAILABLE,@Spark}
2022-11-01 16:35:56 ContextHandler: INFO: Started o.s.j.s.ServletContextHandler@35de2123{/executors/threadDump,null,AVAILABLE,@Spark}
2022-11-01 16:35:56 ContextHandler: INFO: Started o.s.j.s.ServletContextHandler@2dea00f0{/executors/threadDump/json,null,AVAILABLE,@Spark}
2022-11-01 16:35:56 ContextHandler: INFO: Started o.s.j.s.ServletContextHandler@579e7a96{/static,null,AVAILABLE,@Spark}
2022-11-01 16:35:56 ContextHandler: INFO: Started o.s.j.s.ServletContextHandler@1fcf73ed{/,null,AVAILABLE,@Spark}
2022-11-01 16:35:56 ContextHandler: INFO: Started o.s.j.s.ServletContextHandler@44e4b8da{/api,null,AVAILABLE,@Spark}
2022-11-01 16:35:56 ContextHandler: INFO: Started o.s.j.s.ServletContextHandler@b1caed9{/jobs/job/kill,null,AVAILABLE,@Spark}
2022-11-01 16:35:56 ContextHandler: INFO: Started o.s.j.s.ServletContextHandler@ed1592a{/stages/stage/kill,null,AVAILABLE,@Spark}
2022-11-01 16:35:56 SparkUI: INFO: Bound SparkUI to 0.0.0.0, and started at http://eduroam-int-dhcp-97-180-2.ucl.ac.uk:4040
2022-11-01 16:35:56 SparkContext: INFO: Added JAR file:///Users/bencekover/opt/anaconda3/lib/python3.9/site-packages/hail/backend/hail-all-spark.jar at spark://eduroam-int-dhcp-97-180-2.ucl.ac.uk:64068/jars/hail-all-spark.jar with timestamp 1667320555667
2022-11-01 16:35:56 Executor: INFO: Starting executor ID driver on host eduroam-int-dhcp-97-180-2.ucl.ac.uk
2022-11-01 16:35:56 Utils: INFO: Successfully started service 'org.apache.spark.network.netty.NettyBlockTransferService' on port 64069.
2022-11-01 16:35:56 NettyBlockTransferService: INFO: Server created on eduroam-int-dhcp-97-180-2.ucl.ac.uk:64069
2022-11-01 16:35:56 BlockManager: INFO: Using org.apache.spark.storage.RandomBlockReplicationPolicy for block replication policy
2022-11-01 16:35:56 BlockManagerMaster: INFO: Registering BlockManager BlockManagerId(driver, eduroam-int-dhcp-97-180-2.ucl.ac.uk, 64069, None)
2022-11-01 16:35:56 BlockManagerMasterEndpoint: INFO: Registering block manager eduroam-int-dhcp-97-180-2.ucl.ac.uk:64069 with 366.3 MiB RAM, BlockManagerId(driver, eduroam-int-dhcp-97-180-2.ucl.ac.uk, 64069, None)
2022-11-01 16:35:56 BlockManagerMaster: INFO: Registered BlockManager BlockManagerId(driver, eduroam-int-dhcp-97-180-2.ucl.ac.uk, 64069, None)
2022-11-01 16:35:56 BlockManager: INFO: Initialized BlockManager: BlockManagerId(driver, eduroam-int-dhcp-97-180-2.ucl.ac.uk, 64069, None)
2022-11-01 16:35:56 ContextHandler: INFO: Started o.s.j.s.ServletContextHandler@578f1c26{/metrics/json,null,AVAILABLE,@Spark}
2022-11-01 16:35:56 Hail: INFO: SparkUI: http://eduroam-int-dhcp-97-180-2.ucl.ac.uk:4040
