2022-11-01 16:18:02 Hail: INFO: Running Hail version 0.2.104-1940d9e8eaab
2022-11-01 16:18:03 SparkContext: WARN: Using an existing SparkContext; some configuration may not take effect.
2022-11-01 16:23:25 Hail: WARN: Hail has already been initialized. If this call was intended to change configuration, close the session with hl.stop() first.
2022-11-01 16:23:25 root: ERROR: IllegalArgumentException: requirement failed
From java.lang.IllegalArgumentException: requirement failed
	at scala.Predef$.require(Predef.scala:268)
	at is.hail.backend.spark.SparkBackend$.apply(SparkBackend.scala:226)
	at is.hail.backend.spark.SparkBackend.apply(SparkBackend.scala)
	at sun.reflect.NativeMethodAccessorImpl.invoke0(Native Method)
	at sun.reflect.NativeMethodAccessorImpl.invoke(NativeMethodAccessorImpl.java:62)
	at sun.reflect.DelegatingMethodAccessorImpl.invoke(DelegatingMethodAccessorImpl.java:43)
	at java.lang.reflect.Method.invoke(Method.java:498)
	at py4j.reflection.MethodInvoker.invoke(MethodInvoker.java:244)
	at py4j.reflection.ReflectionEngine.invoke(ReflectionEngine.java:357)
	at py4j.Gateway.invoke(Gateway.java:282)
	at py4j.commands.AbstractCommand.invokeMethod(AbstractCommand.java:132)
	at py4j.commands.CallCommand.execute(CallCommand.java:79)
	at py4j.GatewayConnection.run(GatewayConnection.java:238)
	at java.lang.Thread.run(Thread.java:750)



2022-11-01 16:23:41 AbstractConnector: INFO: Stopped Spark@6d1e0df8{HTTP/1.1, (http/1.1)}{0.0.0.0:4040}
2022-11-01 16:23:41 SparkUI: INFO: Stopped Spark web UI at http://eduroam-int-dhcp-97-180-2.ucl.ac.uk:4040
2022-11-01 16:23:41 MapOutputTrackerMasterEndpoint: INFO: MapOutputTrackerMasterEndpoint stopped!
2022-11-01 16:23:41 MemoryStore: INFO: MemoryStore cleared
2022-11-01 16:23:41 BlockManager: INFO: BlockManager stopped
2022-11-01 16:23:41 BlockManagerMaster: INFO: BlockManagerMaster stopped
2022-11-01 16:23:41 OutputCommitCoordinator$OutputCommitCoordinatorEndpoint: INFO: OutputCommitCoordinator stopped!
2022-11-01 16:23:41 SparkContext: INFO: Successfully stopped SparkContext
2022-11-01 16:23:41 SparkContext: INFO: SparkContext already stopped.
2022-11-01 16:23:42 SparkContext: INFO: Running Spark version 3.1.3
2022-11-01 16:23:42 ResourceUtils: INFO: ==============================================================
2022-11-01 16:23:42 ResourceUtils: INFO: No custom resources configured for spark.driver.
2022-11-01 16:23:42 ResourceUtils: INFO: ==============================================================
2022-11-01 16:23:42 SparkContext: INFO: Submitted application: Hail
2022-11-01 16:23:42 SparkContext: INFO: Spark configuration:
spark.app.name=Hail
spark.app.startTime=1667319822062
spark.driver.extraClassPath=/Users/bencekover/opt/anaconda3/lib/python3.9/site-packages/hail/backend/hail-all-spark.jar
spark.driver.maxResultSize=0
spark.executor.extraClassPath=./hail-all-spark.jar
spark.hadoop.io.compression.codecs=org.apache.hadoop.io.compress.DefaultCodec,is.hail.io.compress.BGzipCodec,is.hail.io.compress.BGzipCodecTbi,org.apache.hadoop.io.compress.GzipCodec
spark.hadoop.mapreduce.input.fileinputformat.split.minsize=0
spark.jars=file:///Users/bencekover/opt/anaconda3/lib/python3.9/site-packages/hail/backend/hail-all-spark.jar
spark.kryo.registrator=is.hail.kryo.HailKryoRegistrator
spark.kryoserializer.buffer.max=1g
spark.logConf=true
spark.master=local[*]
spark.repl.local.jars=file:///Users/bencekover/opt/anaconda3/lib/python3.9/site-packages/hail/backend/hail-all-spark.jar
spark.serializer=org.apache.spark.serializer.KryoSerializer
spark.submit.deployMode=client
spark.submit.pyFiles=
spark.ui.showConsoleProgress=false
2022-11-01 16:23:42 ResourceProfile: INFO: Default ResourceProfile created, executor resources: Map(cores -> name: cores, amount: 1, script: , vendor: , memory -> name: memory, amount: 1024, script: , vendor: , offHeap -> name: offHeap, amount: 0, script: , vendor: ), task resources: Map(cpus -> name: cpus, amount: 1.0)
2022-11-01 16:23:42 ResourceProfile: INFO: Limiting resource is cpu
2022-11-01 16:23:42 ResourceProfileManager: INFO: Added ResourceProfile id: 0
2022-11-01 16:23:42 SecurityManager: INFO: Changing view acls to: bencekover
2022-11-01 16:23:42 SecurityManager: INFO: Changing modify acls to: bencekover
2022-11-01 16:23:42 SecurityManager: INFO: Changing view acls groups to: 
2022-11-01 16:23:42 SecurityManager: INFO: Changing modify acls groups to: 
2022-11-01 16:23:42 SecurityManager: INFO: SecurityManager: authentication disabled; ui acls disabled; users  with view permissions: Set(bencekover); groups with view permissions: Set(); users  with modify permissions: Set(bencekover); groups with modify permissions: Set()
2022-11-01 16:23:42 Utils: INFO: Successfully started service 'sparkDriver' on port 63730.
2022-11-01 16:23:42 SparkEnv: INFO: Registering MapOutputTracker
2022-11-01 16:23:42 SparkEnv: INFO: Registering BlockManagerMaster
2022-11-01 16:23:42 BlockManagerMasterEndpoint: INFO: Using org.apache.spark.storage.DefaultTopologyMapper for getting topology information
2022-11-01 16:23:42 BlockManagerMasterEndpoint: INFO: BlockManagerMasterEndpoint up
2022-11-01 16:23:42 SparkEnv: INFO: Registering BlockManagerMasterHeartbeat
2022-11-01 16:23:42 DiskBlockManager: INFO: Created local directory at /private/var/folders/mb/vdj4y7t13zd3tzlk99b8ycd40000gn/T/blockmgr-5ac9d996-e39e-440b-a285-dfa7b0caab1f
2022-11-01 16:23:42 MemoryStore: INFO: MemoryStore started with capacity 366.3 MiB
2022-11-01 16:23:42 SparkEnv: INFO: Registering OutputCommitCoordinator
2022-11-01 16:23:42 Server: INFO: jetty-9.4.40.v20210413; built: 2021-04-13T20:42:42.668Z; git: b881a572662e1943a14ae12e7e1207989f218b74; jvm 1.8.0_351-b10
2022-11-01 16:23:42 Server: INFO: Started @1201052ms
2022-11-01 16:23:42 AbstractConnector: INFO: Started ServerConnector@2c23d0b3{HTTP/1.1, (http/1.1)}{0.0.0.0:4040}
2022-11-01 16:23:42 Utils: INFO: Successfully started service 'SparkUI' on port 4040.
2022-11-01 16:23:42 ContextHandler: INFO: Started o.s.j.s.ServletContextHandler@7095dacb{/jobs,null,AVAILABLE,@Spark}
2022-11-01 16:23:42 ContextHandler: INFO: Started o.s.j.s.ServletContextHandler@6636ed0{/jobs/json,null,AVAILABLE,@Spark}
2022-11-01 16:23:42 ContextHandler: INFO: Started o.s.j.s.ServletContextHandler@700bce29{/jobs/job,null,AVAILABLE,@Spark}
2022-11-01 16:23:42 ContextHandler: INFO: Started o.s.j.s.ServletContextHandler@6549c885{/jobs/job/json,null,AVAILABLE,@Spark}
2022-11-01 16:23:42 ContextHandler: INFO: Started o.s.j.s.ServletContextHandler@5540fe59{/stages,null,AVAILABLE,@Spark}
2022-11-01 16:23:42 ContextHandler: INFO: Started o.s.j.s.ServletContextHandler@fb31d11{/stages/json,null,AVAILABLE,@Spark}
2022-11-01 16:23:42 ContextHandler: INFO: Started o.s.j.s.ServletContextHandler@6f057b3{/stages/stage,null,AVAILABLE,@Spark}
2022-11-01 16:23:42 ContextHandler: INFO: Started o.s.j.s.ServletContextHandler@1a05fe72{/stages/stage/json,null,AVAILABLE,@Spark}
2022-11-01 16:23:42 ContextHandler: INFO: Started o.s.j.s.ServletContextHandler@4cc495b8{/stages/pool,null,AVAILABLE,@Spark}
2022-11-01 16:23:42 ContextHandler: INFO: Started o.s.j.s.ServletContextHandler@3d008fb2{/stages/pool/json,null,AVAILABLE,@Spark}
2022-11-01 16:23:42 ContextHandler: INFO: Started o.s.j.s.ServletContextHandler@755a7a37{/storage,null,AVAILABLE,@Spark}
2022-11-01 16:23:42 ContextHandler: INFO: Started o.s.j.s.ServletContextHandler@5cf84a16{/storage/json,null,AVAILABLE,@Spark}
2022-11-01 16:23:42 ContextHandler: INFO: Started o.s.j.s.ServletContextHandler@3d62a6a9{/storage/rdd,null,AVAILABLE,@Spark}
2022-11-01 16:23:42 ContextHandler: INFO: Started o.s.j.s.ServletContextHandler@27ccbc9e{/storage/rdd/json,null,AVAILABLE,@Spark}
2022-11-01 16:23:42 ContextHandler: INFO: Started o.s.j.s.ServletContextHandler@6b796321{/environment,null,AVAILABLE,@Spark}
2022-11-01 16:23:42 ContextHandler: INFO: Started o.s.j.s.ServletContextHandler@474dab64{/environment/json,null,AVAILABLE,@Spark}
2022-11-01 16:23:42 ContextHandler: INFO: Started o.s.j.s.ServletContextHandler@12ee5ae6{/executors,null,AVAILABLE,@Spark}
2022-11-01 16:23:42 ContextHandler: INFO: Started o.s.j.s.ServletContextHandler@3b6c0a8{/executors/json,null,AVAILABLE,@Spark}
2022-11-01 16:23:42 ContextHandler: INFO: Started o.s.j.s.ServletContextHandler@23be15c8{/executors/threadDump,null,AVAILABLE,@Spark}
2022-11-01 16:23:42 ContextHandler: INFO: Started o.s.j.s.ServletContextHandler@6d0a0888{/executors/threadDump/json,null,AVAILABLE,@Spark}
2022-11-01 16:23:42 ContextHandler: INFO: Started o.s.j.s.ServletContextHandler@47265a1e{/static,null,AVAILABLE,@Spark}
2022-11-01 16:23:42 ContextHandler: INFO: Started o.s.j.s.ServletContextHandler@4365ea71{/,null,AVAILABLE,@Spark}
2022-11-01 16:23:42 ContextHandler: INFO: Started o.s.j.s.ServletContextHandler@ad7d929{/api,null,AVAILABLE,@Spark}
2022-11-01 16:23:42 ContextHandler: INFO: Started o.s.j.s.ServletContextHandler@7495c2a6{/jobs/job/kill,null,AVAILABLE,@Spark}
2022-11-01 16:23:42 ContextHandler: INFO: Started o.s.j.s.ServletContextHandler@1a81d996{/stages/stage/kill,null,AVAILABLE,@Spark}
2022-11-01 16:23:42 SparkUI: INFO: Bound SparkUI to 0.0.0.0, and started at http://eduroam-int-dhcp-97-180-2.ucl.ac.uk:4040
2022-11-01 16:23:42 SparkContext: INFO: Added JAR file:///Users/bencekover/opt/anaconda3/lib/python3.9/site-packages/hail/backend/hail-all-spark.jar at spark://eduroam-int-dhcp-97-180-2.ucl.ac.uk:63730/jars/hail-all-spark.jar with timestamp 1667319822062
2022-11-01 16:23:42 Executor: INFO: Starting executor ID driver on host eduroam-int-dhcp-97-180-2.ucl.ac.uk
2022-11-01 16:23:42 Utils: INFO: Successfully started service 'org.apache.spark.network.netty.NettyBlockTransferService' on port 63731.
2022-11-01 16:23:42 NettyBlockTransferService: INFO: Server created on eduroam-int-dhcp-97-180-2.ucl.ac.uk:63731
2022-11-01 16:23:42 BlockManager: INFO: Using org.apache.spark.storage.RandomBlockReplicationPolicy for block replication policy
2022-11-01 16:23:42 BlockManagerMaster: INFO: Registering BlockManager BlockManagerId(driver, eduroam-int-dhcp-97-180-2.ucl.ac.uk, 63731, None)
2022-11-01 16:23:42 BlockManagerMasterEndpoint: INFO: Registering block manager eduroam-int-dhcp-97-180-2.ucl.ac.uk:63731 with 366.3 MiB RAM, BlockManagerId(driver, eduroam-int-dhcp-97-180-2.ucl.ac.uk, 63731, None)
2022-11-01 16:23:42 BlockManagerMaster: INFO: Registered BlockManager BlockManagerId(driver, eduroam-int-dhcp-97-180-2.ucl.ac.uk, 63731, None)
2022-11-01 16:23:42 BlockManager: INFO: Initialized BlockManager: BlockManagerId(driver, eduroam-int-dhcp-97-180-2.ucl.ac.uk, 63731, None)
2022-11-01 16:23:42 ContextHandler: INFO: Started o.s.j.s.ServletContextHandler@28f744b0{/metrics/json,null,AVAILABLE,@Spark}
2022-11-01 16:23:43 Hail: INFO: SparkUI: http://eduroam-int-dhcp-97-180-2.ucl.ac.uk:4040
