2022-11-01 16:23:43 Hail: INFO: Running Hail version 0.2.104-1940d9e8eaab
2022-11-01 16:23:44 SparkContext: WARN: Using an existing SparkContext; some configuration may not take effect.
2022-11-01 16:24:44 AbstractConnector: INFO: Stopped Spark@2c23d0b3{HTTP/1.1, (http/1.1)}{0.0.0.0:4040}
2022-11-01 16:24:44 SparkUI: INFO: Stopped Spark web UI at http://eduroam-int-dhcp-97-180-2.ucl.ac.uk:4040
2022-11-01 16:24:44 MapOutputTrackerMasterEndpoint: INFO: MapOutputTrackerMasterEndpoint stopped!
2022-11-01 16:24:44 MemoryStore: INFO: MemoryStore cleared
2022-11-01 16:24:44 BlockManager: INFO: BlockManager stopped
2022-11-01 16:24:44 BlockManagerMaster: INFO: BlockManagerMaster stopped
2022-11-01 16:24:44 OutputCommitCoordinator$OutputCommitCoordinatorEndpoint: INFO: OutputCommitCoordinator stopped!
2022-11-01 16:24:44 SparkContext: INFO: Successfully stopped SparkContext
2022-11-01 16:24:44 SparkContext: INFO: SparkContext already stopped.
2022-11-01 16:24:45 SparkContext: INFO: Running Spark version 3.1.3
2022-11-01 16:24:45 ResourceUtils: INFO: ==============================================================
2022-11-01 16:24:45 ResourceUtils: INFO: No custom resources configured for spark.driver.
2022-11-01 16:24:45 ResourceUtils: INFO: ==============================================================
2022-11-01 16:24:45 SparkContext: INFO: Submitted application: Hail
2022-11-01 16:24:45 SparkContext: INFO: Spark configuration:
spark.app.name=Hail
spark.app.startTime=1667319885221
spark.driver.extraClassPath=/Users/bencekover/opt/anaconda3/lib/python3.9/site-packages/hail/backend/hail-all-spark.jar
spark.driver.maxResultSize=0
spark.executor.extraClassPath=./hail-all-spark.jar
spark.hadoop.io.compression.codecs=org.apache.hadoop.io.compress.DefaultCodec,is.hail.io.compress.BGzipCodec,is.hail.io.compress.BGzipCodecTbi,org.apache.hadoop.io.compress.GzipCodec
spark.hadoop.mapreduce.input.fileinputformat.split.minsize=0
spark.jars=file:///Users/bencekover/opt/anaconda3/lib/python3.9/site-packages/hail/backend/hail-all-spark.jar
spark.kryo.registrator=is.hail.kryo.HailKryoRegistrator
spark.kryoserializer.buffer.max=1g
spark.logConf=true
spark.master=local[*]
spark.repl.local.jars=file:///Users/bencekover/opt/anaconda3/lib/python3.9/site-packages/hail/backend/hail-all-spark.jar
spark.serializer=org.apache.spark.serializer.KryoSerializer
spark.submit.deployMode=client
spark.submit.pyFiles=
spark.ui.showConsoleProgress=false
2022-11-01 16:24:45 ResourceProfile: INFO: Default ResourceProfile created, executor resources: Map(cores -> name: cores, amount: 1, script: , vendor: , memory -> name: memory, amount: 1024, script: , vendor: , offHeap -> name: offHeap, amount: 0, script: , vendor: ), task resources: Map(cpus -> name: cpus, amount: 1.0)
2022-11-01 16:24:45 ResourceProfile: INFO: Limiting resource is cpu
2022-11-01 16:24:45 ResourceProfileManager: INFO: Added ResourceProfile id: 0
2022-11-01 16:24:45 SecurityManager: INFO: Changing view acls to: bencekover
2022-11-01 16:24:45 SecurityManager: INFO: Changing modify acls to: bencekover
2022-11-01 16:24:45 SecurityManager: INFO: Changing view acls groups to: 
2022-11-01 16:24:45 SecurityManager: INFO: Changing modify acls groups to: 
2022-11-01 16:24:45 SecurityManager: INFO: SecurityManager: authentication disabled; ui acls disabled; users  with view permissions: Set(bencekover); groups with view permissions: Set(); users  with modify permissions: Set(bencekover); groups with modify permissions: Set()
2022-11-01 16:24:45 Utils: INFO: Successfully started service 'sparkDriver' on port 63766.
2022-11-01 16:24:45 SparkEnv: INFO: Registering MapOutputTracker
2022-11-01 16:24:45 SparkEnv: INFO: Registering BlockManagerMaster
2022-11-01 16:24:45 BlockManagerMasterEndpoint: INFO: Using org.apache.spark.storage.DefaultTopologyMapper for getting topology information
2022-11-01 16:24:45 BlockManagerMasterEndpoint: INFO: BlockManagerMasterEndpoint up
2022-11-01 16:24:45 SparkEnv: INFO: Registering BlockManagerMasterHeartbeat
2022-11-01 16:24:45 DiskBlockManager: INFO: Created local directory at /private/var/folders/mb/vdj4y7t13zd3tzlk99b8ycd40000gn/T/blockmgr-25fac190-cea3-4f63-a0df-44ca31919655
2022-11-01 16:24:45 MemoryStore: INFO: MemoryStore started with capacity 366.3 MiB
2022-11-01 16:24:45 SparkEnv: INFO: Registering OutputCommitCoordinator
2022-11-01 16:24:45 Server: INFO: jetty-9.4.40.v20210413; built: 2021-04-13T20:42:42.668Z; git: b881a572662e1943a14ae12e7e1207989f218b74; jvm 1.8.0_351-b10
2022-11-01 16:24:45 Server: INFO: Started @1264083ms
2022-11-01 16:24:45 AbstractConnector: INFO: Started ServerConnector@44438a6{HTTP/1.1, (http/1.1)}{0.0.0.0:4040}
2022-11-01 16:24:45 Utils: INFO: Successfully started service 'SparkUI' on port 4040.
2022-11-01 16:24:45 ContextHandler: INFO: Started o.s.j.s.ServletContextHandler@128dffb1{/jobs,null,AVAILABLE,@Spark}
2022-11-01 16:24:45 ContextHandler: INFO: Started o.s.j.s.ServletContextHandler@4df91e54{/jobs/json,null,AVAILABLE,@Spark}
2022-11-01 16:24:45 ContextHandler: INFO: Started o.s.j.s.ServletContextHandler@10b9a652{/jobs/job,null,AVAILABLE,@Spark}
2022-11-01 16:24:45 ContextHandler: INFO: Started o.s.j.s.ServletContextHandler@11399bda{/jobs/job/json,null,AVAILABLE,@Spark}
2022-11-01 16:24:45 ContextHandler: INFO: Started o.s.j.s.ServletContextHandler@4f2d6b3{/stages,null,AVAILABLE,@Spark}
2022-11-01 16:24:45 ContextHandler: INFO: Started o.s.j.s.ServletContextHandler@74b72127{/stages/json,null,AVAILABLE,@Spark}
2022-11-01 16:24:45 ContextHandler: INFO: Started o.s.j.s.ServletContextHandler@1c3bfc1a{/stages/stage,null,AVAILABLE,@Spark}
2022-11-01 16:24:45 ContextHandler: INFO: Started o.s.j.s.ServletContextHandler@14c4aab2{/stages/stage/json,null,AVAILABLE,@Spark}
2022-11-01 16:24:45 ContextHandler: INFO: Started o.s.j.s.ServletContextHandler@2e6a393c{/stages/pool,null,AVAILABLE,@Spark}
2022-11-01 16:24:45 ContextHandler: INFO: Started o.s.j.s.ServletContextHandler@7ea95ae4{/stages/pool/json,null,AVAILABLE,@Spark}
2022-11-01 16:24:45 ContextHandler: INFO: Started o.s.j.s.ServletContextHandler@7a61b334{/storage,null,AVAILABLE,@Spark}
2022-11-01 16:24:45 ContextHandler: INFO: Started o.s.j.s.ServletContextHandler@4e666abe{/storage/json,null,AVAILABLE,@Spark}
2022-11-01 16:24:45 ContextHandler: INFO: Started o.s.j.s.ServletContextHandler@52f493e5{/storage/rdd,null,AVAILABLE,@Spark}
2022-11-01 16:24:45 ContextHandler: INFO: Started o.s.j.s.ServletContextHandler@3684574a{/storage/rdd/json,null,AVAILABLE,@Spark}
2022-11-01 16:24:45 ContextHandler: INFO: Started o.s.j.s.ServletContextHandler@3e7f1421{/environment,null,AVAILABLE,@Spark}
2022-11-01 16:24:45 ContextHandler: INFO: Started o.s.j.s.ServletContextHandler@36bb9329{/environment/json,null,AVAILABLE,@Spark}
2022-11-01 16:24:45 ContextHandler: INFO: Started o.s.j.s.ServletContextHandler@2e7486e8{/executors,null,AVAILABLE,@Spark}
2022-11-01 16:24:45 ContextHandler: INFO: Started o.s.j.s.ServletContextHandler@6bf394db{/executors/json,null,AVAILABLE,@Spark}
2022-11-01 16:24:45 ContextHandler: INFO: Started o.s.j.s.ServletContextHandler@6b123b71{/executors/threadDump,null,AVAILABLE,@Spark}
2022-11-01 16:24:45 ContextHandler: INFO: Started o.s.j.s.ServletContextHandler@46b977a4{/executors/threadDump/json,null,AVAILABLE,@Spark}
2022-11-01 16:24:45 ContextHandler: INFO: Started o.s.j.s.ServletContextHandler@fec08e{/static,null,AVAILABLE,@Spark}
2022-11-01 16:24:45 ContextHandler: INFO: Started o.s.j.s.ServletContextHandler@67c6bd43{/,null,AVAILABLE,@Spark}
2022-11-01 16:24:45 ContextHandler: INFO: Started o.s.j.s.ServletContextHandler@6388d9b{/api,null,AVAILABLE,@Spark}
2022-11-01 16:24:45 ContextHandler: INFO: Started o.s.j.s.ServletContextHandler@172cdd45{/jobs/job/kill,null,AVAILABLE,@Spark}
2022-11-01 16:24:45 ContextHandler: INFO: Started o.s.j.s.ServletContextHandler@2d8f9fc1{/stages/stage/kill,null,AVAILABLE,@Spark}
2022-11-01 16:24:45 SparkUI: INFO: Bound SparkUI to 0.0.0.0, and started at http://eduroam-int-dhcp-97-180-2.ucl.ac.uk:4040
2022-11-01 16:24:45 SparkContext: INFO: Added JAR file:///Users/bencekover/opt/anaconda3/lib/python3.9/site-packages/hail/backend/hail-all-spark.jar at spark://eduroam-int-dhcp-97-180-2.ucl.ac.uk:63766/jars/hail-all-spark.jar with timestamp 1667319885221
2022-11-01 16:24:45 Executor: INFO: Starting executor ID driver on host eduroam-int-dhcp-97-180-2.ucl.ac.uk
2022-11-01 16:24:45 Utils: INFO: Successfully started service 'org.apache.spark.network.netty.NettyBlockTransferService' on port 63767.
2022-11-01 16:24:45 NettyBlockTransferService: INFO: Server created on eduroam-int-dhcp-97-180-2.ucl.ac.uk:63767
2022-11-01 16:24:45 BlockManager: INFO: Using org.apache.spark.storage.RandomBlockReplicationPolicy for block replication policy
2022-11-01 16:24:45 BlockManagerMaster: INFO: Registering BlockManager BlockManagerId(driver, eduroam-int-dhcp-97-180-2.ucl.ac.uk, 63767, None)
2022-11-01 16:24:45 BlockManagerMasterEndpoint: INFO: Registering block manager eduroam-int-dhcp-97-180-2.ucl.ac.uk:63767 with 366.3 MiB RAM, BlockManagerId(driver, eduroam-int-dhcp-97-180-2.ucl.ac.uk, 63767, None)
2022-11-01 16:24:45 BlockManagerMaster: INFO: Registered BlockManager BlockManagerId(driver, eduroam-int-dhcp-97-180-2.ucl.ac.uk, 63767, None)
2022-11-01 16:24:45 BlockManager: INFO: Initialized BlockManager: BlockManagerId(driver, eduroam-int-dhcp-97-180-2.ucl.ac.uk, 63767, None)
2022-11-01 16:24:45 ContextHandler: INFO: Started o.s.j.s.ServletContextHandler@6545ee10{/metrics/json,null,AVAILABLE,@Spark}
2022-11-01 16:24:46 Hail: INFO: SparkUI: http://eduroam-int-dhcp-97-180-2.ucl.ac.uk:4040
