2022-11-02 08:34:13 Hail: INFO: Running Hail version 0.2.104-1940d9e8eaab
2022-11-02 08:34:45 AbstractConnector: INFO: Stopped Spark@7c8f3fa8{HTTP/1.1, (http/1.1)}{0.0.0.0:4041}
2022-11-02 08:34:45 SparkUI: INFO: Stopped Spark web UI at http://bences-air.cust.communityfibre.co.uk:4041
2022-11-02 08:34:46 MapOutputTrackerMasterEndpoint: INFO: MapOutputTrackerMasterEndpoint stopped!
2022-11-02 08:34:52 MemoryStore: INFO: MemoryStore cleared
2022-11-02 08:34:52 BlockManager: INFO: BlockManager stopped
2022-11-02 08:34:53 BlockManagerMaster: INFO: BlockManagerMaster stopped
2022-11-02 08:34:53 OutputCommitCoordinator$OutputCommitCoordinatorEndpoint: INFO: OutputCommitCoordinator stopped!
2022-11-02 08:34:54 SparkContext: INFO: Successfully stopped SparkContext
2022-11-02 08:34:54 SparkContext: INFO: SparkContext already stopped.
2022-11-02 08:34:56 SparkContext: INFO: Running Spark version 3.1.3
2022-11-02 08:34:56 ResourceUtils: INFO: ==============================================================
2022-11-02 08:34:56 ResourceUtils: INFO: No custom resources configured for spark.driver.
2022-11-02 08:34:56 ResourceUtils: INFO: ==============================================================
2022-11-02 08:34:57 SparkContext: INFO: Submitted application: Hail
2022-11-02 08:34:57 SparkContext: INFO: Spark configuration:
spark.app.name=Hail
spark.app.startTime=1667378096212
spark.driver.extraClassPath=/Users/bencekover/opt/anaconda3/lib/python3.9/site-packages/hail/backend/hail-all-spark.jar
spark.driver.maxResultSize=0
spark.executor.extraClassPath=./hail-all-spark.jar
spark.hadoop.io.compression.codecs=org.apache.hadoop.io.compress.DefaultCodec,is.hail.io.compress.BGzipCodec,is.hail.io.compress.BGzipCodecTbi,org.apache.hadoop.io.compress.GzipCodec
spark.hadoop.mapreduce.input.fileinputformat.split.minsize=0
spark.jars=file:///Users/bencekover/opt/anaconda3/lib/python3.9/site-packages/hail/backend/hail-all-spark.jar
spark.kryo.registrator=is.hail.kryo.HailKryoRegistrator
spark.kryoserializer.buffer.max=1g
spark.logConf=true
spark.master=local[*]
spark.repl.local.jars=file:///Users/bencekover/opt/anaconda3/lib/python3.9/site-packages/hail/backend/hail-all-spark.jar
spark.serializer=org.apache.spark.serializer.KryoSerializer
spark.submit.deployMode=client
spark.submit.pyFiles=
spark.ui.showConsoleProgress=false
2022-11-02 08:34:57 ResourceProfile: INFO: Default ResourceProfile created, executor resources: Map(cores -> name: cores, amount: 1, script: , vendor: , memory -> name: memory, amount: 1024, script: , vendor: , offHeap -> name: offHeap, amount: 0, script: , vendor: ), task resources: Map(cpus -> name: cpus, amount: 1.0)
2022-11-02 08:34:57 ResourceProfile: INFO: Limiting resource is cpu
2022-11-02 08:34:57 ResourceProfileManager: INFO: Added ResourceProfile id: 0
2022-11-02 08:34:57 SecurityManager: INFO: Changing view acls to: bencekover
2022-11-02 08:34:57 SecurityManager: INFO: Changing modify acls to: bencekover
2022-11-02 08:34:57 SecurityManager: INFO: Changing view acls groups to: 
2022-11-02 08:34:57 SecurityManager: INFO: Changing modify acls groups to: 
2022-11-02 08:34:57 SecurityManager: INFO: SecurityManager: authentication disabled; ui acls disabled; users  with view permissions: Set(bencekover); groups with view permissions: Set(); users  with modify permissions: Set(bencekover); groups with modify permissions: Set()
2022-11-02 08:35:00 Utils: INFO: Successfully started service 'sparkDriver' on port 60299.
2022-11-02 08:35:00 SparkEnv: INFO: Registering MapOutputTracker
2022-11-02 08:35:00 SparkEnv: INFO: Registering BlockManagerMaster
2022-11-02 08:35:00 BlockManagerMasterEndpoint: INFO: Using org.apache.spark.storage.DefaultTopologyMapper for getting topology information
2022-11-02 08:35:01 BlockManagerMasterEndpoint: INFO: BlockManagerMasterEndpoint up
2022-11-02 08:35:01 SparkEnv: INFO: Registering BlockManagerMasterHeartbeat
2022-11-02 08:35:01 DiskBlockManager: INFO: Created local directory at /private/var/folders/mb/vdj4y7t13zd3tzlk99b8ycd40000gn/T/blockmgr-6206ed1d-6062-47ea-be44-08e08ce2d00e
2022-11-02 08:35:01 MemoryStore: INFO: MemoryStore started with capacity 366.3 MiB
2022-11-02 08:35:01 SparkEnv: INFO: Registering OutputCommitCoordinator
2022-11-02 08:35:01 Server: INFO: jetty-9.4.40.v20210413; built: 2021-04-13T20:42:42.668Z; git: b881a572662e1943a14ae12e7e1207989f218b74; jvm 1.8.0_351-b10
2022-11-02 08:35:01 Server: INFO: Started @3634735ms
2022-11-02 08:35:01 Utils: WARN: Service 'SparkUI' could not bind on port 4040. Attempting port 4041.
2022-11-02 08:35:01 AbstractConnector: INFO: Started ServerConnector@49eb2440{HTTP/1.1, (http/1.1)}{0.0.0.0:4041}
2022-11-02 08:35:01 Utils: INFO: Successfully started service 'SparkUI' on port 4041.
2022-11-02 08:35:01 ContextHandler: INFO: Started o.s.j.s.ServletContextHandler@29875741{/jobs,null,AVAILABLE,@Spark}
2022-11-02 08:35:01 ContextHandler: INFO: Started o.s.j.s.ServletContextHandler@3d256a78{/jobs/json,null,AVAILABLE,@Spark}
2022-11-02 08:35:01 ContextHandler: INFO: Started o.s.j.s.ServletContextHandler@4c78e775{/jobs/job,null,AVAILABLE,@Spark}
2022-11-02 08:35:01 ContextHandler: INFO: Started o.s.j.s.ServletContextHandler@1338513a{/jobs/job/json,null,AVAILABLE,@Spark}
2022-11-02 08:35:01 ContextHandler: INFO: Started o.s.j.s.ServletContextHandler@7339e4fe{/stages,null,AVAILABLE,@Spark}
2022-11-02 08:35:01 ContextHandler: INFO: Started o.s.j.s.ServletContextHandler@63aa6b2d{/stages/json,null,AVAILABLE,@Spark}
2022-11-02 08:35:01 ContextHandler: INFO: Started o.s.j.s.ServletContextHandler@28b0874d{/stages/stage,null,AVAILABLE,@Spark}
2022-11-02 08:35:01 ContextHandler: INFO: Started o.s.j.s.ServletContextHandler@7837fa11{/stages/stage/json,null,AVAILABLE,@Spark}
2022-11-02 08:35:01 ContextHandler: INFO: Started o.s.j.s.ServletContextHandler@547a432c{/stages/pool,null,AVAILABLE,@Spark}
2022-11-02 08:35:01 ContextHandler: INFO: Started o.s.j.s.ServletContextHandler@7b5f2de5{/stages/pool/json,null,AVAILABLE,@Spark}
2022-11-02 08:35:01 ContextHandler: INFO: Started o.s.j.s.ServletContextHandler@64b36fdf{/storage,null,AVAILABLE,@Spark}
2022-11-02 08:35:01 ContextHandler: INFO: Started o.s.j.s.ServletContextHandler@2747b279{/storage/json,null,AVAILABLE,@Spark}
2022-11-02 08:35:01 ContextHandler: INFO: Started o.s.j.s.ServletContextHandler@b6c4b2b{/storage/rdd,null,AVAILABLE,@Spark}
2022-11-02 08:35:01 ContextHandler: INFO: Started o.s.j.s.ServletContextHandler@18c72308{/storage/rdd/json,null,AVAILABLE,@Spark}
2022-11-02 08:35:01 ContextHandler: INFO: Started o.s.j.s.ServletContextHandler@753eeb83{/environment,null,AVAILABLE,@Spark}
2022-11-02 08:35:01 ContextHandler: INFO: Started o.s.j.s.ServletContextHandler@1aede03a{/environment/json,null,AVAILABLE,@Spark}
2022-11-02 08:35:01 ContextHandler: INFO: Started o.s.j.s.ServletContextHandler@12141548{/executors,null,AVAILABLE,@Spark}
2022-11-02 08:35:01 ContextHandler: INFO: Started o.s.j.s.ServletContextHandler@46e6d41f{/executors/json,null,AVAILABLE,@Spark}
2022-11-02 08:35:01 ContextHandler: INFO: Started o.s.j.s.ServletContextHandler@409bda0c{/executors/threadDump,null,AVAILABLE,@Spark}
2022-11-02 08:35:01 ContextHandler: INFO: Started o.s.j.s.ServletContextHandler@7beafb73{/executors/threadDump/json,null,AVAILABLE,@Spark}
2022-11-02 08:35:01 ContextHandler: INFO: Started o.s.j.s.ServletContextHandler@2e1959d5{/static,null,AVAILABLE,@Spark}
2022-11-02 08:35:01 ContextHandler: INFO: Started o.s.j.s.ServletContextHandler@6d368350{/,null,AVAILABLE,@Spark}
2022-11-02 08:35:01 ContextHandler: INFO: Started o.s.j.s.ServletContextHandler@5c6f6e4d{/api,null,AVAILABLE,@Spark}
2022-11-02 08:35:01 ContextHandler: INFO: Started o.s.j.s.ServletContextHandler@4098b894{/jobs/job/kill,null,AVAILABLE,@Spark}
2022-11-02 08:35:01 ContextHandler: INFO: Started o.s.j.s.ServletContextHandler@27d445a8{/stages/stage/kill,null,AVAILABLE,@Spark}
2022-11-02 08:35:01 SparkUI: INFO: Bound SparkUI to 0.0.0.0, and started at http://bences-air.cust.communityfibre.co.uk:4041
2022-11-02 08:35:02 SparkContext: INFO: Added JAR file:///Users/bencekover/opt/anaconda3/lib/python3.9/site-packages/hail/backend/hail-all-spark.jar at spark://bences-air.cust.communityfibre.co.uk:60299/jars/hail-all-spark.jar with timestamp 1667378096212
2022-11-02 08:35:02 Executor: INFO: Starting executor ID driver on host bences-air.cust.communityfibre.co.uk
2022-11-02 08:35:02 Utils: INFO: Successfully started service 'org.apache.spark.network.netty.NettyBlockTransferService' on port 60350.
2022-11-02 08:35:02 NettyBlockTransferService: INFO: Server created on bences-air.cust.communityfibre.co.uk:60350
2022-11-02 08:35:02 BlockManager: INFO: Using org.apache.spark.storage.RandomBlockReplicationPolicy for block replication policy
2022-11-02 08:35:02 BlockManagerMaster: INFO: Registering BlockManager BlockManagerId(driver, bences-air.cust.communityfibre.co.uk, 60350, None)
2022-11-02 08:35:02 BlockManagerMasterEndpoint: INFO: Registering block manager bences-air.cust.communityfibre.co.uk:60350 with 366.3 MiB RAM, BlockManagerId(driver, bences-air.cust.communityfibre.co.uk, 60350, None)
2022-11-02 08:35:02 BlockManagerMaster: INFO: Registered BlockManager BlockManagerId(driver, bences-air.cust.communityfibre.co.uk, 60350, None)
2022-11-02 08:35:02 BlockManager: INFO: Initialized BlockManager: BlockManagerId(driver, bences-air.cust.communityfibre.co.uk, 60350, None)
2022-11-02 08:35:02 ContextHandler: INFO: Started o.s.j.s.ServletContextHandler@53da0df2{/metrics/json,null,AVAILABLE,@Spark}
2022-11-02 08:35:03 Hail: INFO: SparkUI: http://bences-air.cust.communityfibre.co.uk:4041
